# JRE version: OpenJDK Runtime Environment (19.0.2+7) (build 19.0.2+7)
# Java VM: OpenJDK 64-Bit Server VM (19.0.2+7, mixed mode, tiered, compressed oops, compressed class ptrs, g1 gc, linux-amd64)
GC Precious Log:
 CardTable entry size: 512
 Card Set container configuration: InlinePtr #cards 4 size 8 Array Of Cards #cards 16 size 48 Howl #buckets 8 coarsen threshold 3686 Howl Bitmap #cards 512 size 80 coarsen threshold 460 Card regions per heap region 1 cards per card region 4096
 CPUs: 4 total, 4 available
 Memory: 11855M
 Large Page Support: Disabled
 NUMA Support: Disabled
 Compressed Oops: Enabled (Zero based)
 Heap Region Size: 2M
 Heap Min Capacity: 8M
 Heap Initial Capacity: 186M
 Heap Max Capacity: 2964M
 Pre-touch: Disabled
 Parallel Workers: 4
 Concurrent Workers: 1
 Concurrent Refinement Workers: 4
 Periodic GC: Disabled
Heap:
 garbage-first heap   total 69632K, used 31142K [0x0000000746c00000, 0x0000000800000000)
  region size 2048K, 8 young (16384K), 2 survivors (4096K)
 Metaspace       used 61105K, committed 61568K, reserved 1114112K
  class space    used 7681K, committed 7872K, reserved 1048576K
GC Heap History (20 events):
Event: 2,272 GC heap before
{Heap before GC invocations=4 (full 0):
 garbage-first heap   total 40960K, used 29289K [0x0000000746c00000, 0x0000000800000000)
  region size 2048K, 12 young (24576K), 2 survivors (4096K)
 Metaspace       used 26706K, committed 27072K, reserved 1114112K
  class space    used 2891K, committed 3072K, reserved 1048576K
}
Event: 2,280 GC heap after
{Heap after GC invocations=5 (full 0):
 garbage-first heap   total 40960K, used 10315K [0x0000000746c00000, 0x0000000800000000)
  region size 2048K, 1 young (2048K), 1 survivors (2048K)
 Metaspace       used 26706K, committed 27072K, reserved 1114112K
  class space    used 2891K, committed 3072K, reserved 1048576K
}
Event: 2,330 GC heap before
{Heap before GC invocations=5 (full 0):
 garbage-first heap   total 40960K, used 12363K [0x0000000746c00000, 0x0000000800000000)
  region size 2048K, 2 young (4096K), 1 survivors (2048K)
 Metaspace       used 27198K, committed 27520K, reserved 1114112K
  class space    used 2964K, committed 3136K, reserved 1048576K
}
Event: 2,332 GC heap after
{Heap after GC invocations=6 (full 0):
 garbage-first heap   total 40960K, used 10398K [0x0000000746c00000, 0x0000000800000000)
  region size 2048K, 1 young (2048K), 1 survivors (2048K)
 Metaspace       used 27198K, committed 27520K, reserved 1114112K
  class space    used 2964K, committed 3136K, reserved 1048576K
}
Event: 2,670 GC heap before
{Heap before GC invocations=6 (full 0):
 garbage-first heap   total 40960K, used 22686K [0x0000000746c00000, 0x0000000800000000)
  region size 2048K, 8 young (16384K), 1 survivors (2048K)
 Metaspace       used 29827K, committed 30080K, reserved 1114112K
  class space    used 3274K, committed 3392K, reserved 1048576K
}
Event: 2,673 GC heap after
{Heap after GC invocations=7 (full 0):
 garbage-first heap   total 40960K, used 11912K [0x0000000746c00000, 0x0000000800000000)
  region size 2048K, 1 young (2048K), 1 survivors (2048K)
 Metaspace       used 29827K, committed 30080K, reserved 1114112K
  class space    used 3274K, committed 3392K, reserved 1048576K
}
Event: 3,016 GC heap before
{Heap before GC invocations=7 (full 0):
 garbage-first heap   total 40960K, used 26248K [0x0000000746c00000, 0x0000000800000000)
  region size 2048K, 8 young (16384K), 1 survivors (2048K)
 Metaspace       used 31269K, committed 31552K, reserved 1114112K
  class space    used 3447K, committed 3584K, reserved 1048576K
}
Event: 3,020 GC heap after
{Heap after GC invocations=8 (full 0):
 garbage-first heap   total 40960K, used 12659K [0x0000000746c00000, 0x0000000800000000)
  region size 2048K, 1 young (2048K), 1 survivors (2048K)
 Metaspace       used 31269K, committed 31552K, reserved 1114112K
  class space    used 3447K, committed 3584K, reserved 1048576K
}
Event: 3,431 GC heap before
{Heap before GC invocations=8 (full 0):
 garbage-first heap   total 40960K, used 26995K [0x0000000746c00000, 0x0000000800000000)
  region size 2048K, 8 young (16384K), 1 survivors (2048K)
 Metaspace       used 33501K, committed 33856K, reserved 1114112K
  class space    used 3737K, committed 3904K, reserved 1048576K
}
Event: 3,436 GC heap after
{Heap after GC invocations=9 (full 0):
 garbage-first heap   total 116736K, used 13653K [0x0000000746c00000, 0x0000000800000000)
  region size 2048K, 1 young (2048K), 1 survivors (2048K)
 Metaspace       used 33501K, committed 33856K, reserved 1114112K
  class space    used 3737K, committed 3904K, reserved 1048576K
}
Event: 3,780 GC heap before
{Heap before GC invocations=9 (full 0):
 garbage-first heap   total 116736K, used 23893K [0x0000000746c00000, 0x0000000800000000)
  region size 2048K, 7 young (14336K), 1 survivors (2048K)
 Metaspace       used 35747K, committed 36160K, reserved 1114112K
  class space    used 4072K, committed 4288K, reserved 1048576K
}
Event: 3,784 GC heap after
{Heap after GC invocations=10 (full 0):
 garbage-first heap   total 116736K, used 14972K [0x0000000746c00000, 0x0000000800000000)
  region size 2048K, 2 young (4096K), 2 survivors (4096K)
 Metaspace       used 35747K, committed 36160K, reserved 1114112K
  class space    used 4072K, committed 4288K, reserved 1048576K
}
Event: 4,681 GC heap before
{Heap before GC invocations=11 (full 0):
 garbage-first heap   total 69632K, used 51836K [0x0000000746c00000, 0x0000000800000000)
  region size 2048K, 20 young (40960K), 2 survivors (4096K)
 Metaspace       used 44301K, committed 44736K, reserved 1114112K
  class space    used 5224K, committed 5440K, reserved 1048576K
}
Event: 4,690 GC heap after
{Heap after GC invocations=12 (full 0):
 garbage-first heap   total 69632K, used 17617K [0x0000000746c00000, 0x0000000800000000)
  region size 2048K, 3 young (6144K), 3 survivors (6144K)
 Metaspace       used 44301K, committed 44736K, reserved 1114112K
  class space    used 5224K, committed 5440K, reserved 1048576K
}
Event: 4,743 GC heap before
{Heap before GC invocations=12 (full 0):
 garbage-first heap   total 69632K, used 19665K [0x0000000746c00000, 0x0000000800000000)
  region size 2048K, 4 young (8192K), 3 survivors (6144K)
 Metaspace       used 45323K, committed 45760K, reserved 1114112K
  class space    used 5345K, committed 5568K, reserved 1048576K
}
Event: 4,753 GC heap after
{Heap after GC invocations=13 (full 0):
 garbage-first heap   total 69632K, used 18086K [0x0000000746c00000, 0x0000000800000000)
  region size 2048K, 1 young (2048K), 1 survivors (2048K)
 Metaspace       used 45323K, committed 45760K, reserved 1114112K
  class space    used 5345K, committed 5568K, reserved 1048576K
}
Event: 5,389 GC heap before
{Heap before GC invocations=13 (full 0):
 garbage-first heap   total 69632K, used 46758K [0x0000000746c00000, 0x0000000800000000)
  region size 2048K, 16 young (32768K), 1 survivors (2048K)
 Metaspace       used 54685K, committed 55168K, reserved 1114112K
  class space    used 6700K, committed 6912K, reserved 1048576K
}
Event: 5,395 GC heap after
{Heap after GC invocations=14 (full 0):
 garbage-first heap   total 69632K, used 19306K [0x0000000746c00000, 0x0000000800000000)
  region size 2048K, 1 young (2048K), 1 survivors (2048K)
 Metaspace       used 54685K, committed 55168K, reserved 1114112K
  class space    used 6700K, committed 6912K, reserved 1048576K
}
Event: 5,856 GC heap before
{Heap before GC invocations=14 (full 0):
 garbage-first heap   total 69632K, used 41834K [0x0000000746c00000, 0x0000000800000000)
  region size 2048K, 13 young (26624K), 1 survivors (2048K)
 Metaspace       used 60035K, committed 60480K, reserved 1114112K
  class space    used 7460K, committed 7680K, reserved 1048576K
}
Event: 5,865 GC heap after
{Heap after GC invocations=15 (full 0):
 garbage-first heap   total 69632K, used 20902K [0x0000000746c00000, 0x0000000800000000)
  region size 2048K, 2 young (4096K), 2 survivors (4096K)
 Metaspace       used 60035K, committed 60480K, reserved 1114112K
  class space    used 7460K, committed 7680K, reserved 1048576K
}

