# JRE version: OpenJDK Runtime Environment (19.0.2+7) (build 19.0.2+7)
# Java VM: OpenJDK 64-Bit Server VM (19.0.2+7, mixed mode, tiered, compressed oops, compressed class ptrs, g1 gc, linux-amd64)
GC Precious Log:
 CardTable entry size: 512
 Card Set container configuration: InlinePtr #cards 4 size 8 Array Of Cards #cards 16 size 48 Howl #buckets 8 coarsen threshold 3686 Howl Bitmap #cards 512 size 80 coarsen threshold 460 Card regions per heap region 1 cards per card region 4096
 CPUs: 4 total, 4 available
 Memory: 11855M
 Large Page Support: Disabled
 NUMA Support: Disabled
 Compressed Oops: Enabled (Zero based)
 Heap Region Size: 2M
 Heap Min Capacity: 8M
 Heap Initial Capacity: 186M
 Heap Max Capacity: 2964M
 Pre-touch: Disabled
 Parallel Workers: 4
 Concurrent Workers: 1
 Concurrent Refinement Workers: 4
 Periodic GC: Disabled
Heap:
 garbage-first heap   total 116736K, used 40627K [0x0000000746c00000, 0x0000000800000000)
  region size 2048K, 16 young (32768K), 1 survivors (2048K)
 Metaspace       used 33489K, committed 33856K, reserved 1114112K
  class space    used 3737K, committed 3904K, reserved 1048576K
GC Heap History (12 events):
Event: 0,654 GC heap before
{Heap before GC invocations=0 (full 0):
 garbage-first heap   total 190464K, used 12288K [0x0000000746c00000, 0x0000000800000000)
  region size 2048K, 6 young (12288K), 0 survivors (0K)
 Metaspace       used 10067K, committed 10176K, reserved 1114112K
  class space    used 887K, committed 960K, reserved 1048576K
}
Event: 0,661 GC heap after
{Heap after GC invocations=1 (full 0):
 garbage-first heap   total 190464K, used 5357K [0x0000000746c00000, 0x0000000800000000)
  region size 2048K, 1 young (2048K), 1 survivors (2048K)
 Metaspace       used 10067K, committed 10176K, reserved 1114112K
  class space    used 887K, committed 960K, reserved 1048576K
}
Event: 1,004 GC heap before
{Heap before GC invocations=1 (full 0):
 garbage-first heap   total 190464K, used 13549K [0x0000000746c00000, 0x0000000800000000)
  region size 2048K, 5 young (10240K), 1 survivors (2048K)
 Metaspace       used 12269K, committed 12480K, reserved 1114112K
  class space    used 1206K, committed 1344K, reserved 1048576K
}
Event: 1,007 GC heap after
{Heap after GC invocations=2 (full 0):
 garbage-first heap   total 190464K, used 6094K [0x0000000746c00000, 0x0000000800000000)
  region size 2048K, 1 young (2048K), 1 survivors (2048K)
 Metaspace       used 12269K, committed 12480K, reserved 1114112K
  class space    used 1206K, committed 1344K, reserved 1048576K
}
Event: 1,998 GC heap before
{Heap before GC invocations=2 (full 0):
 garbage-first heap   total 190464K, used 28622K [0x0000000746c00000, 0x0000000800000000)
  region size 2048K, 14 young (28672K), 1 survivors (2048K)
 Metaspace       used 21315K, committed 21504K, reserved 1114112K
  class space    used 2146K, committed 2240K, reserved 1048576K
}
Event: 2,015 GC heap after
{Heap after GC invocations=3 (full 0):
 garbage-first heap   total 190464K, used 8773K [0x0000000746c00000, 0x0000000800000000)
  region size 2048K, 2 young (4096K), 2 survivors (4096K)
 Metaspace       used 21315K, committed 21504K, reserved 1114112K
  class space    used 2146K, committed 2240K, reserved 1048576K
}
Event: 2,586 GC heap before
{Heap before GC invocations=4 (full 0):
 garbage-first heap   total 40960K, used 29253K [0x0000000746c00000, 0x0000000800000000)
  region size 2048K, 12 young (24576K), 2 survivors (4096K)
 Metaspace       used 26728K, committed 27008K, reserved 1114112K
  class space    used 2896K, committed 3072K, reserved 1048576K
}
Event: 2,594 GC heap after
{Heap after GC invocations=5 (full 0):
 garbage-first heap   total 40960K, used 10283K [0x0000000746c00000, 0x0000000800000000)
  region size 2048K, 1 young (2048K), 1 survivors (2048K)
 Metaspace       used 26728K, committed 27008K, reserved 1114112K
  class space    used 2896K, committed 3072K, reserved 1048576K
}
Event: 2,625 GC heap before
{Heap before GC invocations=5 (full 0):
 garbage-first heap   total 40960K, used 12331K [0x0000000746c00000, 0x0000000800000000)
  region size 2048K, 2 young (4096K), 1 survivors (2048K)
 Metaspace       used 27160K, committed 27520K, reserved 1114112K
  class space    used 2957K, committed 3136K, reserved 1048576K
}
Event: 2,629 GC heap after
{Heap after GC invocations=6 (full 0):
 garbage-first heap   total 40960K, used 10412K [0x0000000746c00000, 0x0000000800000000)
  region size 2048K, 1 young (2048K), 1 survivors (2048K)
 Metaspace       used 27160K, committed 27520K, reserved 1114112K
  class space    used 2957K, committed 3136K, reserved 1048576K
}
Event: 3,122 GC heap before
{Heap before GC invocations=6 (full 0):
 garbage-first heap   total 40960K, used 24748K [0x0000000746c00000, 0x0000000800000000)
  region size 2048K, 8 young (16384K), 1 survivors (2048K)
 Metaspace       used 29811K, committed 30080K, reserved 1114112K
  class space    used 3279K, committed 3392K, reserved 1048576K
}
Event: 3,126 GC heap after
{Heap after GC invocations=7 (full 0):
 garbage-first heap   total 116736K, used 11955K [0x0000000746c00000, 0x0000000800000000)
  region size 2048K, 1 young (2048K), 1 survivors (2048K)
 Metaspace       used 29811K, committed 30080K, reserved 1114112K
  class space    used 3279K, committed 3392K, reserved 1048576K
}

