# JRE version: OpenJDK Runtime Environment Temurin-17.0.5+8 (17.0.5+8) (build 17.0.5+8)
# Java VM: OpenJDK 64-Bit Server VM Temurin-17.0.5+8 (17.0.5+8, mixed mode, tiered, compressed oops, compressed class ptrs, parallel gc, linux-amd64)
GC Precious Log:
 CPUs: 4 total, 4 available
 Memory: 11855M
 Large Page Support: Disabled
 NUMA Support: Disabled
 Compressed Oops: Enabled (32-bit)
 Alignments: Space 512K, Generation 512K, Heap 2M
 Heap Min Capacity: 100M
 Heap Initial Capacity: 100M
 Heap Max Capacity: 1G
 Pre-touch: Disabled
 Parallel Workers: 4
Heap:
 PSYoungGen      total 9728K, used 9280K [0x00000000eab00000, 0x00000000eba00000, 0x0000000100000000)
  eden space 8704K, 100% used [0x00000000eab00000,0x00000000eb380000,0x00000000eb380000)
  from space 1024K, 56% used [0x00000000eb900000,0x00000000eb990000,0x00000000eba00000)
  to   space 1536K, 0% used [0x00000000eb700000,0x00000000eb700000,0x00000000eb880000)
 ParOldGen       total 401920K, used 399501K [0x00000000c0000000, 0x00000000d8880000, 0x00000000eab00000)
  object space 401920K, 99% used [0x00000000c0000000,0x00000000d86236a8,0x00000000d8880000)
 Metaspace       used 69555K, committed 70592K, reserved 1114112K
  class space    used 7026K, committed 7488K, reserved 1048576K
GC Heap History (20 events):
Event: 14381,949 GC heap after
{Heap after GC invocations=560 (full 29):
 PSYoungGen      total 9728K, used 4672K [0x00000000eab00000, 0x00000000eb980000, 0x0000000100000000)
  eden space 4608K, 0% used [0x00000000eab00000,0x00000000eab00000,0x00000000eaf80000)
  from space 5120K, 91% used [0x00000000eaf80000,0x00000000eb410000,0x00000000eb480000)
  to   space 5120K, 0% used [0x00000000eb480000,0x00000000eb480000,0x00000000eb980000)
 ParOldGen       total 390144K, used 303674K [0x00000000c0000000, 0x00000000d7d00000, 0x00000000eab00000)
  object space 390144K, 77% used [0x00000000c0000000,0x00000000d288ea50,0x00000000d7d00000)
 Metaspace       used 69471K, committed 70528K, reserved 1114112K
  class space    used 7026K, committed 7488K, reserved 1048576K
}
Event: 14381,965 GC heap before
{Heap before GC invocations=561 (full 29):
 PSYoungGen      total 9728K, used 9280K [0x00000000eab00000, 0x00000000eb980000, 0x0000000100000000)
  eden space 4608K, 100% used [0x00000000eab00000,0x00000000eaf80000,0x00000000eaf80000)
  from space 5120K, 91% used [0x00000000eaf80000,0x00000000eb410000,0x00000000eb480000)
  to   space 5120K, 0% used [0x00000000eb480000,0x00000000eb480000,0x00000000eb980000)
 ParOldGen       total 390144K, used 303674K [0x00000000c0000000, 0x00000000d7d00000, 0x00000000eab00000)
  object space 390144K, 77% used [0x00000000c0000000,0x00000000d288ea50,0x00000000d7d00000)
 Metaspace       used 69471K, committed 70528K, reserved 1114112K
  class space    used 7026K, committed 7488K, reserved 1048576K
}
Event: 14381,988 GC heap after
{Heap after GC invocations=561 (full 29):
 PSYoungGen      total 9728K, used 4640K [0x00000000eab00000, 0x00000000eba80000, 0x0000000100000000)
  eden space 4608K, 0% used [0x00000000eab00000,0x00000000eab00000,0x00000000eaf80000)
  from space 5120K, 90% used [0x00000000eb480000,0x00000000eb908000,0x00000000eb980000)
  to   space 5120K, 0% used [0x00000000eaf80000,0x00000000eaf80000,0x00000000eb480000)
 ParOldGen       total 390144K, used 308314K [0x00000000c0000000, 0x00000000d7d00000, 0x00000000eab00000)
  object space 390144K, 79% used [0x00000000c0000000,0x00000000d2d16a50,0x00000000d7d00000)
 Metaspace       used 69471K, committed 70528K, reserved 1114112K
  class space    used 7026K, committed 7488K, reserved 1048576K
}
Event: 14382,015 GC heap before
{Heap before GC invocations=562 (full 29):
 PSYoungGen      total 9728K, used 9248K [0x00000000eab00000, 0x00000000eba80000, 0x0000000100000000)
  eden space 4608K, 100% used [0x00000000eab00000,0x00000000eaf80000,0x00000000eaf80000)
  from space 5120K, 90% used [0x00000000eb480000,0x00000000eb908000,0x00000000eb980000)
  to   space 5120K, 0% used [0x00000000eaf80000,0x00000000eaf80000,0x00000000eb480000)
 ParOldGen       total 390144K, used 308314K [0x00000000c0000000, 0x00000000d7d00000, 0x00000000eab00000)
  object space 390144K, 79% used [0x00000000c0000000,0x00000000d2d16a50,0x00000000d7d00000)
 Metaspace       used 69471K, committed 70528K, reserved 1114112K
  class space    used 7026K, committed 7488K, reserved 1048576K
}
Event: 14382,027 GC heap after
{Heap after GC invocations=562 (full 29):
 PSYoungGen      total 9728K, used 4206K [0x00000000eab00000, 0x00000000eb980000, 0x0000000100000000)
  eden space 4608K, 0% used [0x00000000eab00000,0x00000000eab00000,0x00000000eaf80000)
  from space 5120K, 82% used [0x00000000eaf80000,0x00000000eb39b800,0x00000000eb480000)
  to   space 4608K, 0% used [0x00000000eb500000,0x00000000eb500000,0x00000000eb980000)
 ParOldGen       total 390144K, used 312946K [0x00000000c0000000, 0x00000000d7d00000, 0x00000000eab00000)
  object space 390144K, 80% used [0x00000000c0000000,0x00000000d319ca50,0x00000000d7d00000)
 Metaspace       used 69471K, committed 70528K, reserved 1114112K
  class space    used 7026K, committed 7488K, reserved 1048576K
}
Event: 14382,061 GC heap before
{Heap before GC invocations=563 (full 29):
 PSYoungGen      total 9728K, used 8167K [0x00000000eab00000, 0x00000000eb980000, 0x0000000100000000)
  eden space 4608K, 85% used [0x00000000eab00000,0x00000000eaede600,0x00000000eaf80000)
  from space 5120K, 82% used [0x00000000eaf80000,0x00000000eb39b800,0x00000000eb480000)
  to   space 4608K, 0% used [0x00000000eb500000,0x00000000eb500000,0x00000000eb980000)
 ParOldGen       total 390144K, used 312946K [0x00000000c0000000, 0x00000000d7d00000, 0x00000000eab00000)
  object space 390144K, 80% used [0x00000000c0000000,0x00000000d319ca50,0x00000000d7d00000)
 Metaspace       used 69471K, committed 70528K, reserved 1114112K
  class space    used 7026K, committed 7488K, reserved 1048576K
}
Event: 14382,070 GC heap after
{Heap after GC invocations=563 (full 29):
 PSYoungGen      total 9216K, used 3455K [0x00000000eab00000, 0x00000000eb880000, 0x0000000100000000)
  eden space 5632K, 0% used [0x00000000eab00000,0x00000000eab00000,0x00000000eb080000)
  from space 3584K, 96% used [0x00000000eb500000,0x00000000eb85fe90,0x00000000eb880000)
  to   space 4096K, 0% used [0x00000000eb080000,0x00000000eb080000,0x00000000eb480000)
 ParOldGen       total 390144K, used 316634K [0x00000000c0000000, 0x00000000d7d00000, 0x00000000eab00000)
  object space 390144K, 81% used [0x00000000c0000000,0x00000000d3536a50,0x00000000d7d00000)
 Metaspace       used 69471K, committed 70528K, reserved 1114112K
  class space    used 7026K, committed 7488K, reserved 1048576K
}
Event: 14382,106 GC heap before
{Heap before GC invocations=564 (full 29):
 PSYoungGen      total 9216K, used 9087K [0x00000000eab00000, 0x00000000eb880000, 0x0000000100000000)
  eden space 5632K, 100% used [0x00000000eab00000,0x00000000eb080000,0x00000000eb080000)
  from space 3584K, 96% used [0x00000000eb500000,0x00000000eb85fe90,0x00000000eb880000)
  to   space 4096K, 0% used [0x00000000eb080000,0x00000000eb080000,0x00000000eb480000)
 ParOldGen       total 390144K, used 316634K [0x00000000c0000000, 0x00000000d7d00000, 0x00000000eab00000)
  object space 390144K, 81% used [0x00000000c0000000,0x00000000d3536a50,0x00000000d7d00000)
 Metaspace       used 69471K, committed 70528K, reserved 1114112K
  class space    used 7026K, committed 7488K, reserved 1048576K
}
Event: 14382,121 GC heap after
{Heap after GC invocations=564 (full 29):
 PSYoungGen      total 9728K, used 4095K [0x00000000eab00000, 0x00000000ec300000, 0x0000000100000000)
  eden space 5632K, 0% used [0x00000000eab00000,0x00000000eab00000,0x00000000eb080000)
  from space 4096K, 99% used [0x00000000eb080000,0x00000000eb47fdc8,0x00000000eb480000)
  to   space 8704K, 0% used [0x00000000eba80000,0x00000000eba80000,0x00000000ec300000)
 ParOldGen       total 390144K, used 320198K [0x00000000c0000000, 0x00000000d7d00000, 0x00000000eab00000)
  object space 390144K, 82% used [0x00000000c0000000,0x00000000d38b1a30,0x00000000d7d00000)
 Metaspace       used 69471K, committed 70528K, reserved 1114112K
  class space    used 7026K, committed 7488K, reserved 1048576K
}
Event: 14382,359 GC heap before
{Heap before GC invocations=565 (full 29):
 PSYoungGen      total 9728K, used 9727K [0x00000000eab00000, 0x00000000ec300000, 0x0000000100000000)
  eden space 5632K, 100% used [0x00000000eab00000,0x00000000eb080000,0x00000000eb080000)
  from space 4096K, 99% used [0x00000000eb080000,0x00000000eb47fdc8,0x00000000eb480000)
  to   space 8704K, 0% used [0x00000000eba80000,0x00000000eba80000,0x00000000ec300000)
 ParOldGen       total 390144K, used 320198K [0x00000000c0000000, 0x00000000d7d00000, 0x00000000eab00000)
  object space 390144K, 82% used [0x00000000c0000000,0x00000000d38b1a30,0x00000000d7d00000)
 Metaspace       used 69494K, committed 70528K, reserved 1114112K
  class space    used 7026K, committed 7488K, reserved 1048576K
}
Event: 14382,372 GC heap after
{Heap after GC invocations=565 (full 29):
 PSYoungGen      total 10752K, used 3155K [0x00000000eab00000, 0x00000000ebe00000, 0x0000000100000000)
  eden space 7168K, 0% used [0x00000000eab00000,0x00000000eab00000,0x00000000eb200000)
  from space 3584K, 88% used [0x00000000eba80000,0x00000000ebd94c30,0x00000000ebe00000)
  to   space 5120K, 0% used [0x00000000eb400000,0x00000000eb400000,0x00000000eb900000)
 ParOldGen       total 390144K, used 322470K [0x00000000c0000000, 0x00000000d7d00000, 0x00000000eab00000)
  object space 390144K, 82% used [0x00000000c0000000,0x00000000d3ae9a30,0x00000000d7d00000)
 Metaspace       used 69494K, committed 70528K, reserved 1114112K
  class space    used 7026K, committed 7488K, reserved 1048576K
}
Event: 14382,446 GC heap before
{Heap before GC invocations=566 (full 29):
 PSYoungGen      total 10752K, used 10323K [0x00000000eab00000, 0x00000000ebe00000, 0x0000000100000000)
  eden space 7168K, 100% used [0x00000000eab00000,0x00000000eb200000,0x00000000eb200000)
  from space 3584K, 88% used [0x00000000eba80000,0x00000000ebd94c30,0x00000000ebe00000)
  to   space 5120K, 0% used [0x00000000eb400000,0x00000000eb400000,0x00000000eb900000)
 ParOldGen       total 390144K, used 353190K [0x00000000c0000000, 0x00000000d7d00000, 0x00000000eab00000)
  object space 390144K, 90% used [0x00000000c0000000,0x00000000d58e9a60,0x00000000d7d00000)
 Metaspace       used 69524K, committed 70592K, reserved 1114112K
  class space    used 7026K, committed 7488K, reserved 1048576K
}
Event: 14382,485 GC heap after
{Heap after GC invocations=566 (full 29):
 PSYoungGen      total 13824K, used 5120K [0x00000000eab00000, 0x00000000ebe80000, 0x0000000100000000)
  eden space 8704K, 0% used [0x00000000eab00000,0x00000000eab00000,0x00000000eb380000)
  from space 5120K, 100% used [0x00000000eb400000,0x00000000eb900000,0x00000000eb900000)
  to   space 5632K, 0% used [0x00000000eb900000,0x00000000eb900000,0x00000000ebe80000)
 ParOldGen       total 390144K, used 356223K [0x00000000c0000000, 0x00000000d7d00000, 0x00000000eab00000)
  object space 390144K, 91% used [0x00000000c0000000,0x00000000d5bdfe10,0x00000000d7d00000)
 Metaspace       used 69524K, committed 70592K, reserved 1114112K
  class space    used 7026K, committed 7488K, reserved 1048576K
}
Event: 14383,240 GC heap before
{Heap before GC invocations=567 (full 29):
 PSYoungGen      total 13824K, used 13261K [0x00000000eab00000, 0x00000000ebe80000, 0x0000000100000000)
  eden space 8704K, 93% used [0x00000000eab00000,0x00000000eb2f34a8,0x00000000eb380000)
  from space 5120K, 100% used [0x00000000eb400000,0x00000000eb900000,0x00000000eb900000)
  to   space 5632K, 0% used [0x00000000eb900000,0x00000000eb900000,0x00000000ebe80000)
 ParOldGen       total 390144K, used 356223K [0x00000000c0000000, 0x00000000d7d00000, 0x00000000eab00000)
  object space 390144K, 91% used [0x00000000c0000000,0x00000000d5bdfe10,0x00000000d7d00000)
 Metaspace       used 69526K, committed 70592K, reserved 1114112K
  class space    used 7026K, committed 7488K, reserved 1048576K
}
Event: 14383,250 GC heap after
{Heap after GC invocations=567 (full 29):
 PSYoungGen      total 14336K, used 5450K [0x00000000eab00000, 0x00000000ebe80000, 0x0000000100000000)
  eden space 8704K, 0% used [0x00000000eab00000,0x00000000eab00000,0x00000000eb380000)
  from space 5632K, 96% used [0x00000000eb900000,0x00000000ebe52b38,0x00000000ebe80000)
  to   space 5632K, 0% used [0x00000000eb380000,0x00000000eb380000,0x00000000eb900000)
 ParOldGen       total 390144K, used 361343K [0x00000000c0000000, 0x00000000d7d00000, 0x00000000eab00000)
  object space 390144K, 92% used [0x00000000c0000000,0x00000000d60dfe10,0x00000000d7d00000)
 Metaspace       used 69526K, committed 70592K, reserved 1114112K
  class space    used 7026K, committed 7488K, reserved 1048576K
}
Event: 14383,283 GC heap before
{Heap before GC invocations=568 (full 29):
 PSYoungGen      total 14336K, used 14154K [0x00000000eab00000, 0x00000000ebe80000, 0x0000000100000000)
  eden space 8704K, 100% used [0x00000000eab00000,0x00000000eb380000,0x00000000eb380000)
  from space 5632K, 96% used [0x00000000eb900000,0x00000000ebe52b38,0x00000000ebe80000)
  to   space 5632K, 0% used [0x00000000eb380000,0x00000000eb380000,0x00000000eb900000)
 ParOldGen       total 390144K, used 361343K [0x00000000c0000000, 0x00000000d7d00000, 0x00000000eab00000)
  object space 390144K, 92% used [0x00000000c0000000,0x00000000d60dfe10,0x00000000d7d00000)
 Metaspace       used 69536K, committed 70592K, reserved 1114112K
  class space    used 7026K, committed 7488K, reserved 1048576K
}
Event: 14383,292 GC heap after
{Heap after GC invocations=568 (full 29):
 PSYoungGen      total 14336K, used 2174K [0x00000000eab00000, 0x00000000ebc80000, 0x0000000100000000)
  eden space 8704K, 0% used [0x00000000eab00000,0x00000000eab00000,0x00000000eb380000)
  from space 5632K, 38% used [0x00000000eb380000,0x00000000eb59fbd0,0x00000000eb900000)
  to   space 3584K, 0% used [0x00000000eb900000,0x00000000eb900000,0x00000000ebc80000)
 ParOldGen       total 390144K, used 366681K [0x00000000c0000000, 0x00000000d7d00000, 0x00000000eab00000)
  object space 390144K, 93% used [0x00000000c0000000,0x00000000d6616718,0x00000000d7d00000)
 Metaspace       used 69536K, committed 70592K, reserved 1114112K
  class space    used 7026K, committed 7488K, reserved 1048576K
}
Event: 14383,323 GC heap before
{Heap before GC invocations=569 (full 29):
 PSYoungGen      total 14336K, used 10878K [0x00000000eab00000, 0x00000000ebc80000, 0x0000000100000000)
  eden space 8704K, 100% used [0x00000000eab00000,0x00000000eb380000,0x00000000eb380000)
  from space 5632K, 38% used [0x00000000eb380000,0x00000000eb59fbd0,0x00000000eb900000)
  to   space 3584K, 0% used [0x00000000eb900000,0x00000000eb900000,0x00000000ebc80000)
 ParOldGen       total 390144K, used 366681K [0x00000000c0000000, 0x00000000d7d00000, 0x00000000eab00000)
  object space 390144K, 93% used [0x00000000c0000000,0x00000000d6616718,0x00000000d7d00000)
 Metaspace       used 69541K, committed 70592K, reserved 1114112K
  class space    used 7026K, committed 7488K, reserved 1048576K
}
Event: 14383,327 GC heap after
{Heap after GC invocations=569 (full 29):
 PSYoungGen      total 9728K, used 576K [0x00000000eab00000, 0x00000000eba00000, 0x0000000100000000)
  eden space 8704K, 0% used [0x00000000eab00000,0x00000000eab00000,0x00000000eb380000)
  from space 1024K, 56% used [0x00000000eb900000,0x00000000eb990000,0x00000000eba00000)
  to   space 1536K, 0% used [0x00000000eb700000,0x00000000eb700000,0x00000000eb880000)
 ParOldGen       total 390144K, used 368781K [0x00000000c0000000, 0x00000000d7d00000, 0x00000000eab00000)
  object space 390144K, 94% used [0x00000000c0000000,0x00000000d6823678,0x00000000d7d00000)
 Metaspace       used 69541K, committed 70592K, reserved 1114112K
  class space    used 7026K, committed 7488K, reserved 1048576K
}
Event: 14619,668 GC heap before
{Heap before GC invocations=570 (full 30):
 PSYoungGen      total 9728K, used 9280K [0x00000000eab00000, 0x00000000eba00000, 0x0000000100000000)
  eden space 8704K, 100% used [0x00000000eab00000,0x00000000eb380000,0x00000000eb380000)
  from space 1024K, 56% used [0x00000000eb900000,0x00000000eb990000,0x00000000eba00000)
  to   space 1536K, 0% used [0x00000000eb700000,0x00000000eb700000,0x00000000eb880000)
 ParOldGen       total 401920K, used 399501K [0x00000000c0000000, 0x00000000d8880000, 0x00000000eab00000)
  object space 401920K, 99% used [0x00000000c0000000,0x00000000d86236a8,0x00000000d8880000)
 Metaspace       used 69555K, committed 70592K, reserved 1114112K
  class space    used 7026K, committed 7488K, reserved 1048576K
}

